{"__type":"$$EventMessageWorkflow","id":"0f4ecd54-4e28-428b-80a9-d094977b8bd1","ts":"2026-04-20T17:33:02.460+07:00","eventName":"n8n.workflow.started","message":"n8n.workflow.started","payload":{"executionId":"1692","workflowId":"aDJnzOH41Kf8i4Wa","isManual":false,"workflowName":"Sistem Login"}}
{"__type":"$$EventMessageConfirm","confirm":"0f4ecd54-4e28-428b-80a9-d094977b8bd1","ts":"2026-04-20T17:33:02.461+07:00","source":{"id":"0","name":"eventBus"}}
{"__type":"$$EventMessageNode","id":"2598b7ea-448c-42ba-b721-5bf851cac152","ts":"2026-04-20T17:33:02.463+07:00","eventName":"n8n.node.started","message":"n8n.node.started","payload":{"workflowId":"aDJnzOH41Kf8i4Wa","workflowName":"Sistem Login","executionId":"1692","nodeType":"n8n-nodes-base.webhook","nodeName":"Webhook"}}
{"__type":"$$EventMessageConfirm","confirm":"2598b7ea-448c-42ba-b721-5bf851cac152","ts":"2026-04-20T17:33:02.463+07:00","source":{"id":"0","name":"eventBus"}}
{"__type":"$$EventMessageNode","id":"0d5611cd-e14b-4570-82b2-893efae1d357","ts":"2026-04-20T17:33:02.467+07:00","eventName":"n8n.node.finished","message":"n8n.node.finished","payload":{"workflowId":"aDJnzOH41Kf8i4Wa","workflowName":"Sistem Login","executionId":"1692","nodeType":"n8n-nodes-base.webhook","nodeName":"Webhook"}}
{"__type":"$$EventMessageConfirm","confirm":"0d5611cd-e14b-4570-82b2-893efae1d357","ts":"2026-04-20T17:33:02.467+07:00","source":{"id":"0","name":"eventBus"}}
{"__type":"$$EventMessageNode","id":"a659fc71-cab3-49b2-81f5-46ad8498882f","ts":"2026-04-20T17:33:02.468+07:00","eventName":"n8n.node.started","message":"n8n.node.started","payload":{"workflowId":"aDJnzOH41Kf8i4Wa","workflowName":"Sistem Login","executionId":"1692","nodeType":"n8n-nodes-base.mySql","nodeName":"Cek User"}}
{"__type":"$$EventMessageConfirm","confirm":"a659fc71-cab3-49b2-81f5-46ad8498882f","ts":"2026-04-20T17:33:02.468+07:00","source":{"id":"0","name":"eventBus"}}
{"__type":"$$EventMessageNode","id":"72b210f8-0848-41df-9bd3-5fa1fb3645fd","ts":"2026-04-20T17:33:02.578+07:00","eventName":"n8n.node.finished","message":"n8n.node.finished","payload":{"workflowId":"aDJnzOH41Kf8i4Wa","workflowName":"Sistem Login","executionId":"1692","nodeType":"n8n-nodes-base.mySql","nodeName":"Cek User"}}
{"__type":"$$EventMessageConfirm","confirm":"72b210f8-0848-41df-9bd3-5fa1fb3645fd","ts":"2026-04-20T17:33:02.579+07:00","source":{"id":"0","name":"eventBus"}}
{"__type":"$$EventMessageNode","id":"b5c00955-bdc7-485d-918a-dc38fae856be","ts":"2026-04-20T17:33:02.579+07:00","eventName":"n8n.node.started","message":"n8n.node.started","payload":{"workflowId":"aDJnzOH41Kf8i4Wa","workflowName":"Sistem Login","executionId":"1692","nodeType":"n8n-nodes-base.if","nodeName":"If (Valid?)"}}
{"__type":"$$EventMessageConfirm","confirm":"b5c00955-bdc7-485d-918a-dc38fae856be","ts":"2026-04-20T17:33:02.579+07:00","source":{"id":"0","name":"eventBus"}}
{"__type":"$$EventMessageNode","id":"550edf6f-2e1c-427e-a1df-8464525c6ec3","ts":"2026-04-20T17:33:02.589+07:00","eventName":"n8n.node.finished","message":"n8n.node.finished","payload":{"workflowId":"aDJnzOH41Kf8i4Wa","workflowName":"Sistem Login","executionId":"1692","nodeType":"n8n-nodes-base.if","nodeName":"If (Valid?)"}}
{"__type":"$$EventMessageConfirm","confirm":"550edf6f-2e1c-427e-a1df-8464525c6ec3","ts":"2026-04-20T17:33:02.589+07:00","source":{"id":"0","name":"eventBus"}}
{"__type":"$$EventMessageNode","id":"0e076866-8554-43f7-9fc6-8abf986f1b8b","ts":"2026-04-20T17:33:02.589+07:00","eventName":"n8n.node.started","message":"n8n.node.started","payload":{"workflowId":"aDJnzOH41Kf8i4Wa","workflowName":"Sistem Login","executionId":"1692","nodeType":"n8n-nodes-base.code","nodeName":"Generate Token"}}
{"__type":"$$EventMessageConfirm","confirm":"0e076866-8554-43f7-9fc6-8abf986f1b8b","ts":"2026-04-20T17:33:02.589+07:00","source":{"id":"0","name":"eventBus"}}
{"__type":"$$EventMessageNode","id":"d1363ed2-c560-4dbd-b18a-9e485f65af3f","ts":"2026-04-20T17:33:02.619+07:00","eventName":"n8n.node.finished","message":"n8n.node.finished","payload":{"workflowId":"aDJnzOH41Kf8i4Wa","workflowName":"Sistem Login","executionId":"1692","nodeType":"n8n-nodes-base.code","nodeName":"Generate Token"}}
{"__type":"$$EventMessageConfirm","confirm":"d1363ed2-c560-4dbd-b18a-9e485f65af3f","ts":"2026-04-20T17:33:02.619+07:00","source":{"id":"0","name":"eventBus"}}
{"__type":"$$EventMessageNode","id":"f3ff5c28-cf24-409f-9428-a28574f2b5ee","ts":"2026-04-20T17:33:02.619+07:00","eventName":"n8n.node.started","message":"n8n.node.started","payload":{"workflowId":"aDJnzOH41Kf8i4Wa","workflowName":"Sistem Login","executionId":"1692","nodeType":"n8n-nodes-base.mySql","nodeName":"Simpan Token ke DB"}}
{"__type":"$$EventMessageConfirm","confirm":"f3ff5c28-cf24-409f-9428-a28574f2b5ee","ts":"2026-04-20T17:33:02.620+07:00","source":{"id":"0","name":"eventBus"}}
{"__type":"$$EventMessageNode","id":"e9454f5a-7386-4477-aec2-541d2ee27d86","ts":"2026-04-20T17:33:02.659+07:00","eventName":"n8n.node.finished","message":"n8n.node.finished","payload":{"workflowId":"aDJnzOH41Kf8i4Wa","workflowName":"Sistem Login","executionId":"1692","nodeType":"n8n-nodes-base.mySql","nodeName":"Simpan Token ke DB"}}
{"__type":"$$EventMessageConfirm","confirm":"e9454f5a-7386-4477-aec2-541d2ee27d86","ts":"2026-04-20T17:33:02.659+07:00","source":{"id":"0","name":"eventBus"}}
{"__type":"$$EventMessageNode","id":"a9bb97a7-b078-4238-b61c-8b34547740d7","ts":"2026-04-20T17:33:02.659+07:00","eventName":"n8n.node.started","message":"n8n.node.started","payload":{"workflowId":"aDJnzOH41Kf8i4Wa","workflowName":"Sistem Login","executionId":"1692","nodeType":"n8n-nodes-base.mySql","nodeName":"Log Login"}}
{"__type":"$$EventMessageConfirm","confirm":"a9bb97a7-b078-4238-b61c-8b34547740d7","ts":"2026-04-20T17:33:02.659+07:00","source":{"id":"0","name":"eventBus"}}
{"__type":"$$EventMessageNode","id":"07d0094d-a957-4c24-93df-8ad06b5cd07c","ts":"2026-04-20T17:33:02.710+07:00","eventName":"n8n.node.finished","message":"n8n.node.finished","payload":{"workflowId":"aDJnzOH41Kf8i4Wa","workflowName":"Sistem Login","executionId":"1692","nodeType":"n8n-nodes-base.mySql","nodeName":"Log Login"}}
{"__type":"$$EventMessageConfirm","confirm":"07d0094d-a957-4c24-93df-8ad06b5cd07c","ts":"2026-04-20T17:33:02.710+07:00","source":{"id":"0","name":"eventBus"}}
{"__type":"$$EventMessageNode","id":"bbb808a9-c034-422f-a468-aea18a3a50b9","ts":"2026-04-20T17:33:02.711+07:00","eventName":"n8n.node.started","message":"n8n.node.started","payload":{"workflowId":"aDJnzOH41Kf8i4Wa","workflowName":"Sistem Login","executionId":"1692","nodeType":"n8n-nodes-base.respondToWebhook","nodeName":"Respond Success"}}
{"__type":"$$EventMessageConfirm","confirm":"bbb808a9-c034-422f-a468-aea18a3a50b9","ts":"2026-04-20T17:33:02.711+07:00","source":{"id":"0","name":"eventBus"}}
{"__type":"$$EventMessageNode","id":"1b79d282-bb9b-42d2-931b-dfba7e740249","ts":"2026-04-20T17:33:02.745+07:00","eventName":"n8n.node.finished","message":"n8n.node.finished","payload":{"workflowId":"aDJnzOH41Kf8i4Wa","workflowName":"Sistem Login","executionId":"1692","nodeType":"n8n-nodes-base.respondToWebhook","nodeName":"Respond Success"}}
{"__type":"$$EventMessageConfirm","confirm":"1b79d282-bb9b-42d2-931b-dfba7e740249","ts":"2026-04-20T17:33:02.745+07:00","source":{"id":"0","name":"eventBus"}}
{"__type":"$$EventMessageWorkflow","id":"a54b4fdc-552b-4320-89c6-a0aab1cc5859","ts":"2026-04-20T17:33:02.753+07:00","eventName":"n8n.workflow.success","message":"n8n.workflow.success","payload":{"executionId":"1692","success":true,"isManual":false,"workflowId":"aDJnzOH41Kf8i4Wa","workflowName":"Sistem Login"}}
{"__type":"$$EventMessageConfirm","confirm":"a54b4fdc-552b-4320-89c6-a0aab1cc5859","ts":"2026-04-20T17:33:02.753+07:00","source":{"id":"0","name":"eventBus"}}
{"__type":"$$EventMessageWorkflow","id":"61105d6d-64b6-471d-8c0c-fa0ffeabbdf2","ts":"2026-04-20T17:33:05.664+07:00","eventName":"n8n.workflow.started","message":"n8n.workflow.started","payload":{"executionId":"1693","workflowId":"qWkisW1CLY1kuqIp","isManual":false,"workflowName":"fullstack 18.12"}}
{"__type":"$$EventMessageConfirm","confirm":"61105d6d-64b6-471d-8c0c-fa0ffeabbdf2","ts":"2026-04-20T17:33:05.665+07:00","source":{"id":"0","name":"eventBus"}}
{"__type":"$$EventMessageNode","id":"92ad306c-93c6-4c52-a93f-66fc0e695f8f","ts":"2026-04-20T17:33:05.665+07:00","eventName":"n8n.node.started","message":"n8n.node.started","payload":{"workflowId":"qWkisW1CLY1kuqIp","workflowName":"fullstack 18.12","executionId":"1693","nodeType":"n8n-nodes-base.webhook","nodeName":"laporan"}}
{"__type":"$$EventMessageConfirm","confirm":"92ad306c-93c6-4c52-a93f-66fc0e695f8f","ts":"2026-04-20T17:33:05.665+07:00","source":{"id":"0","name":"eventBus"}}
{"__type":"$$EventMessageNode","id":"c8b5d129-0710-4b2f-8912-9edf49f12f47","ts":"2026-04-20T17:33:05.666+07:00","eventName":"n8n.node.finished","message":"n8n.node.finished","payload":{"workflowId":"qWkisW1CLY1kuqIp","workflowName":"fullstack 18.12","executionId":"1693","nodeType":"n8n-nodes-base.webhook","nodeName":"laporan"}}
{"__type":"$$EventMessageConfirm","confirm":"c8b5d129-0710-4b2f-8912-9edf49f12f47","ts":"2026-04-20T17:33:05.666+07:00","source":{"id":"0","name":"eventBus"}}
{"__type":"$$EventMessageNode","id":"d2d822c0-64e6-4646-859e-cc9d1ed686c6","ts":"2026-04-20T17:33:05.666+07:00","eventName":"n8n.node.started","message":"n8n.node.started","payload":{"workflowId":"qWkisW1CLY1kuqIp","workflowName":"fullstack 18.12","executionId":"1693","nodeType":"n8n-nodes-base.mySql","nodeName":"Execute a SQL query1"}}
{"__type":"$$EventMessageConfirm","confirm":"d2d822c0-64e6-4646-859e-cc9d1ed686c6","ts":"2026-04-20T17:33:05.666+07:00","source":{"id":"0","name":"eventBus"}}
{"__type":"$$EventMessageNode","id":"c224fe24-2bca-4d5c-b173-8f663622685d","ts":"2026-04-20T17:33:05.691+07:00","eventName":"n8n.node.finished","message":"n8n.node.finished","payload":{"workflowId":"qWkisW1CLY1kuqIp","workflowName":"fullstack 18.12","executionId":"1693","nodeType":"n8n-nodes-base.mySql","nodeName":"Execute a SQL query1"}}
{"__type":"$$EventMessageConfirm","confirm":"c224fe24-2bca-4d5c-b173-8f663622685d","ts":"2026-04-20T17:33:05.691+07:00","source":{"id":"0","name":"eventBus"}}
{"__type":"$$EventMessageNode","id":"49c2192d-5bed-41ea-ab07-b8bc1ab60a23","ts":"2026-04-20T17:33:05.691+07:00","eventName":"n8n.node.started","message":"n8n.node.started","payload":{"workflowId":"qWkisW1CLY1kuqIp","workflowName":"fullstack 18.12","executionId":"1693","nodeType":"n8n-nodes-base.code","nodeName":"Code1"}}
{"__type":"$$EventMessageConfirm","confirm":"49c2192d-5bed-41ea-ab07-b8bc1ab60a23","ts":"2026-04-20T17:33:05.692+07:00","source":{"id":"0","name":"eventBus"}}
{"__type":"$$EventMessageNode","id":"547b870d-bdfc-4bb6-8d6a-a8c3e9bb323f","ts":"2026-04-20T17:33:05.721+07:00","eventName":"n8n.node.finished","message":"n8n.node.finished","payload":{"workflowId":"qWkisW1CLY1kuqIp","workflowName":"fullstack 18.12","executionId":"1693","nodeType":"n8n-nodes-base.code","nodeName":"Code1"}}
{"__type":"$$EventMessageConfirm","confirm":"547b870d-bdfc-4bb6-8d6a-a8c3e9bb323f","ts":"2026-04-20T17:33:05.721+07:00","source":{"id":"0","name":"eventBus"}}
{"__type":"$$EventMessageNode","id":"c00db425-9d05-435a-b46e-44885964781a","ts":"2026-04-20T17:33:05.721+07:00","eventName":"n8n.node.started","message":"n8n.node.started","payload":{"workflowId":"qWkisW1CLY1kuqIp","workflowName":"fullstack 18.12","executionId":"1693","nodeType":"n8n-nodes-base.respondToWebhook","nodeName":"Respond to Webhook2"}}
{"__type":"$$EventMessageConfirm","confirm":"c00db425-9d05-435a-b46e-44885964781a","ts":"2026-04-20T17:33:05.721+07:00","source":{"id":"0","name":"eventBus"}}
{"__type":"$$EventMessageNode","id":"e527aa55-aac5-4d9c-9573-6daaf65a02bf","ts":"2026-04-20T17:33:05.804+07:00","eventName":"n8n.node.finished","message":"n8n.node.finished","payload":{"workflowId":"qWkisW1CLY1kuqIp","workflowName":"fullstack 18.12","executionId":"1693","nodeType":"n8n-nodes-base.respondToWebhook","nodeName":"Respond to Webhook2"}}
{"__type":"$$EventMessageConfirm","confirm":"e527aa55-aac5-4d9c-9573-6daaf65a02bf","ts":"2026-04-20T17:33:05.804+07:00","source":{"id":"0","name":"eventBus"}}
{"__type":"$$EventMessageWorkflow","id":"78340afc-799d-4f7d-bf64-5f929d750ed3","ts":"2026-04-20T17:33:05.863+07:00","eventName":"n8n.workflow.success","message":"n8n.workflow.success","payload":{"executionId":"1693","success":true,"isManual":false,"workflowId":"qWkisW1CLY1kuqIp","workflowName":"fullstack 18.12"}}
{"__type":"$$EventMessageConfirm","confirm":"78340afc-799d-4f7d-bf64-5f929d750ed3","ts":"2026-04-20T17:33:05.863+07:00","source":{"id":"0","name":"eventBus"}}
{"__type":"$$EventMessageWorkflow","id":"99c04d0f-996e-4170-939e-02c251e76db5","ts":"2026-04-20T17:33:06.243+07:00","eventName":"n8n.workflow.started","message":"n8n.workflow.started","payload":{"executionId":"1694","workflowId":"KPY4vozqnma7p674","isManual":false,"workflowName":"API Metadata"}}
{"__type":"$$EventMessageConfirm","confirm":"99c04d0f-996e-4170-939e-02c251e76db5","ts":"2026-04-20T17:33:06.243+07:00","source":{"id":"0","name":"eventBus"}}
{"__type":"$$EventMessageNode","id":"d888ea83-9443-4992-ab5d-2b16e916a46f","ts":"2026-04-20T17:33:06.243+07:00","eventName":"n8n.node.started","message":"n8n.node.started","payload":{"workflowId":"KPY4vozqnma7p674","workflowName":"API Metadata","executionId":"1694","nodeType":"n8n-nodes-base.webhook","nodeName":"Webhook"}}
{"__type":"$$EventMessageConfirm","confirm":"d888ea83-9443-4992-ab5d-2b16e916a46f","ts":"2026-04-20T17:33:06.243+07:00","source":{"id":"0","name":"eventBus"}}
{"__type":"$$EventMessageNode","id":"78587a50-6299-4060-b49a-c13983a52c70","ts":"2026-04-20T17:33:06.244+07:00","eventName":"n8n.node.finished","message":"n8n.node.finished","payload":{"workflowId":"KPY4vozqnma7p674","workflowName":"API Metadata","executionId":"1694","nodeType":"n8n-nodes-base.webhook","nodeName":"Webhook"}}
{"__type":"$$EventMessageConfirm","confirm":"78587a50-6299-4060-b49a-c13983a52c70","ts":"2026-04-20T17:33:06.244+07:00","source":{"id":"0","name":"eventBus"}}
{"__type":"$$EventMessageNode","id":"d11f22ec-fa12-4e62-95a4-30f6a6129cf6","ts":"2026-04-20T17:33:06.244+07:00","eventName":"n8n.node.started","message":"n8n.node.started","payload":{"workflowId":"KPY4vozqnma7p674","workflowName":"API Metadata","executionId":"1694","nodeType":"n8n-nodes-base.mySql","nodeName":"Execute a SQL query"}}
{"__type":"$$EventMessageConfirm","confirm":"d11f22ec-fa12-4e62-95a4-30f6a6129cf6","ts":"2026-04-20T17:33:06.244+07:00","source":{"id":"0","name":"eventBus"}}
{"__type":"$$EventMessageNode","id":"68e2fe4d-ee1e-4cd4-9170-da9997885354","ts":"2026-04-20T17:33:06.289+07:00","eventName":"n8n.node.finished","message":"n8n.node.finished","payload":{"workflowId":"KPY4vozqnma7p674","workflowName":"API Metadata","executionId":"1694","nodeType":"n8n-nodes-base.mySql","nodeName":"Execute a SQL query"}}
{"__type":"$$EventMessageConfirm","confirm":"68e2fe4d-ee1e-4cd4-9170-da9997885354","ts":"2026-04-20T17:33:06.289+07:00","source":{"id":"0","name":"eventBus"}}
{"__type":"$$EventMessageNode","id":"2dc9176a-95a5-46b0-aaf9-e6f0e5c2985e","ts":"2026-04-20T17:33:06.289+07:00","eventName":"n8n.node.started","message":"n8n.node.started","payload":{"workflowId":"KPY4vozqnma7p674","workflowName":"API Metadata","executionId":"1694","nodeType":"n8n-nodes-base.respondToWebhook","nodeName":"Respond to Webhook"}}
{"__type":"$$EventMessageConfirm","confirm":"2dc9176a-95a5-46b0-aaf9-e6f0e5c2985e","ts":"2026-04-20T17:33:06.289+07:00","source":{"id":"0","name":"eventBus"}}
{"__type":"$$EventMessageNode","id":"fb8f6e99-de3b-4f6d-a434-289949f919e7","ts":"2026-04-20T17:33:06.296+07:00","eventName":"n8n.node.finished","message":"n8n.node.finished","payload":{"workflowId":"KPY4vozqnma7p674","workflowName":"API Metadata","executionId":"1694","nodeType":"n8n-nodes-base.respondToWebhook","nodeName":"Respond to Webhook"}}
{"__type":"$$EventMessageConfirm","confirm":"fb8f6e99-de3b-4f6d-a434-289949f919e7","ts":"2026-04-20T17:33:06.296+07:00","source":{"id":"0","name":"eventBus"}}
{"__type":"$$EventMessageWorkflow","id":"1bb3847e-8f0e-443b-8442-1c63f70c9dc3","ts":"2026-04-20T17:33:06.297+07:00","eventName":"n8n.workflow.success","message":"n8n.workflow.success","payload":{"executionId":"1694","success":true,"isManual":false,"workflowId":"KPY4vozqnma7p674","workflowName":"API Metadata"}}
{"__type":"$$EventMessageConfirm","confirm":"1bb3847e-8f0e-443b-8442-1c63f70c9dc3","ts":"2026-04-20T17:33:06.298+07:00","source":{"id":"0","name":"eventBus"}}
{"__type":"$$EventMessageWorkflow","id":"8a31b5da-ab0e-4cb7-bc6a-f5494a7b337a","ts":"2026-04-20T17:33:06.562+07:00","eventName":"n8n.workflow.started","message":"n8n.workflow.started","payload":{"executionId":"1695","workflowId":"KIOy96VXHJz34W4v","isManual":false,"workflowName":"Get Mapping MK"}}
{"__type":"$$EventMessageConfirm","confirm":"8a31b5da-ab0e-4cb7-bc6a-f5494a7b337a","ts":"2026-04-20T17:33:06.562+07:00","source":{"id":"0","name":"eventBus"}}
{"__type":"$$EventMessageNode","id":"4da3c355-3672-47fd-bf86-aea05f1e54a4","ts":"2026-04-20T17:33:06.562+07:00","eventName":"n8n.node.started","message":"n8n.node.started","payload":{"workflowId":"KIOy96VXHJz34W4v","workflowName":"Get Mapping MK","executionId":"1695","nodeType":"n8n-nodes-base.webhook","nodeName":"Webhook"}}
{"__type":"$$EventMessageConfirm","confirm":"4da3c355-3672-47fd-bf86-aea05f1e54a4","ts":"2026-04-20T17:33:06.562+07:00","source":{"id":"0","name":"eventBus"}}
{"__type":"$$EventMessageNode","id":"ed0e18a6-fbeb-4171-8c39-67c58ddfe733","ts":"2026-04-20T17:33:06.563+07:00","eventName":"n8n.node.finished","message":"n8n.node.finished","payload":{"workflowId":"KIOy96VXHJz34W4v","workflowName":"Get Mapping MK","executionId":"1695","nodeType":"n8n-nodes-base.webhook","nodeName":"Webhook"}}
{"__type":"$$EventMessageConfirm","confirm":"ed0e18a6-fbeb-4171-8c39-67c58ddfe733","ts":"2026-04-20T17:33:06.563+07:00","source":{"id":"0","name":"eventBus"}}
{"__type":"$$EventMessageNode","id":"79eb14f6-8964-4abf-87c5-898049b11db4","ts":"2026-04-20T17:33:06.563+07:00","eventName":"n8n.node.started","message":"n8n.node.started","payload":{"workflowId":"KIOy96VXHJz34W4v","workflowName":"Get Mapping MK","executionId":"1695","nodeType":"n8n-nodes-base.mySql","nodeName":"Execute a SQL query"}}
{"__type":"$$EventMessageConfirm","confirm":"79eb14f6-8964-4abf-87c5-898049b11db4","ts":"2026-04-20T17:33:06.563+07:00","source":{"id":"0","name":"eventBus"}}
{"__type":"$$EventMessageNode","id":"ad91987c-3ce3-440e-9953-1dce162d8da6","ts":"2026-04-20T17:33:06.586+07:00","eventName":"n8n.node.finished","message":"n8n.node.finished","payload":{"workflowId":"KIOy96VXHJz34W4v","workflowName":"Get Mapping MK","executionId":"1695","nodeType":"n8n-nodes-base.mySql","nodeName":"Execute a SQL query"}}
{"__type":"$$EventMessageConfirm","confirm":"ad91987c-3ce3-440e-9953-1dce162d8da6","ts":"2026-04-20T17:33:06.586+07:00","source":{"id":"0","name":"eventBus"}}
{"__type":"$$EventMessageNode","id":"637db98c-6377-4782-8c42-0e3608d5f3c7","ts":"2026-04-20T17:33:06.586+07:00","eventName":"n8n.node.started","message":"n8n.node.started","payload":{"workflowId":"KIOy96VXHJz34W4v","workflowName":"Get Mapping MK","executionId":"1695","nodeType":"n8n-nodes-base.respondToWebhook","nodeName":"Respond to Webhook"}}
{"__type":"$$EventMessageConfirm","confirm":"637db98c-6377-4782-8c42-0e3608d5f3c7","ts":"2026-04-20T17:33:06.586+07:00","source":{"id":"0","name":"eventBus"}}
{"__type":"$$EventMessageNode","id":"12ca8dde-e1d3-4b4d-8f19-fcc09f37bf84","ts":"2026-04-20T17:33:06.593+07:00","eventName":"n8n.node.finished","message":"n8n.node.finished","payload":{"workflowId":"KIOy96VXHJz34W4v","workflowName":"Get Mapping MK","executionId":"1695","nodeType":"n8n-nodes-base.respondToWebhook","nodeName":"Respond to Webhook"}}
{"__type":"$$EventMessageConfirm","confirm":"12ca8dde-e1d3-4b4d-8f19-fcc09f37bf84","ts":"2026-04-20T17:33:06.593+07:00","source":{"id":"0","name":"eventBus"}}
{"__type":"$$EventMessageWorkflow","id":"4cab91fb-f8e4-4a97-9686-e5ae5208b950","ts":"2026-04-20T17:33:06.594+07:00","eventName":"n8n.workflow.success","message":"n8n.workflow.success","payload":{"executionId":"1695","success":true,"isManual":false,"workflowId":"KIOy96VXHJz34W4v","workflowName":"Get Mapping MK"}}
{"__type":"$$EventMessageConfirm","confirm":"4cab91fb-f8e4-4a97-9686-e5ae5208b950","ts":"2026-04-20T17:33:06.595+07:00","source":{"id":"0","name":"eventBus"}}
